2018-04-24/15:18:23.450 [[31mERROR[0m] core: StartListen:HitBtcManager:error parsing hitBtc ticker 
2018-04-24/15:18:23.461 [[31mERROR[0m] core: StartListen:HitBtcManager:error parsing hitBtc ticker 
2018-04-24/15:18:23.464 [[31mERROR[0m] core: StartListen:HitBtcManager:error parsing hitBtc ticker 
2018-04-24/15:18:23.465 [[31mERROR[0m] core: StartListen:HitBtcManager:error parsing hitBtc ticker 
2018-04-24/15:18:23.467 [[31mERROR[0m] core: StartListen:HitBtcManager:error parsing hitBtc ticker 
2018-04-24/15:18:23.469 [[31mERROR[0m] core: StartListen:HitBtcManager:error parsing hitBtc ticker 
2018-04-24/15:18:23.471 [[31mERROR[0m] core: StartListen:HitBtcManager:error parsing hitBtc ticker 
2018-04-24/15:18:23.472 [[31mERROR[0m] core: StartListen:HitBtcManager:error parsing hitBtc ticker 
2018-04-24/15:18:23.474 [[31mERROR[0m] core: StartListen:HitBtcManager:error parsing hitBtc ticker 
2018-04-24/15:18:23.475 [[31mERROR[0m] core: StartListen:HitBtcManager:error parsing hitBtc ticker 
2018-04-24/15:18:23.477 [[31mERROR[0m] core: StartListen:HitBtcManager:error parsing hitBtc ticker 
2018-04-24/15:18:23.479 [[31mERROR[0m] core: StartListen:HitBtcManager:error parsing hitBtc ticker 
2018-04-24/15:18:23.481 [[31mERROR[0m] core: StartListen:HitBtcManager:error parsing hitBtc ticker 
2018-04-24/15:18:23.483 [[31mERROR[0m] core: StartListen:HitBtcManager:error parsing hitBtc ticker 
2018-04-24/15:18:23.485 [[31mERROR[0m] core: StartListen:HitBtcManager:error parsing hitBtc ticker 
2018-04-24/15:18:23.487 [[31mERROR[0m] core: StartListen:HitBtcManager:error parsing hitBtc ticker 
2018-04-24/15:18:23.489 [[31mERROR[0m] core: StartListen:HitBtcManager:error parsing hitBtc ticker 
2018-04-24/15:18:23.490 [[31mERROR[0m] core: StartListen:HitBtcManager:error parsing hitBtc ticker 
2018-04-24/15:18:23.492 [[31mERROR[0m] core: StartListen:HitBtcManager:error parsing hitBtc ticker 
2018-04-24/15:18:23.493 [[31mERROR[0m] core: StartListen:HitBtcManager:error parsing hitBtc ticker 
2018-04-24/15:18:23.494 [[31mERROR[0m] core: StartListen:HitBtcManager:error parsing hitBtc ticker 
2018-04-24/15:18:23.973 [[31mERROR[0m] core: StartListen:error parsing hitBtc ticker: 
2018-04-24/15:18:23.976 [[31mERROR[0m] core: StartListen:error parsing hitBtc ticker: 
2018-04-24/15:18:23.978 [[31mERROR[0m] core: StartListen:error parsing hitBtc ticker: 
2018-04-24/15:18:23.980 [[31mERROR[0m] core: StartListen:error parsing hitBtc ticker: 
2018-04-24/15:18:23.982 [[31mERROR[0m] core: StartListen:error parsing hitBtc ticker: 
2018-04-24/15:18:23.983 [[31mERROR[0m] core: StartListen:error parsing hitBtc ticker: 
2018-04-24/15:18:23.984 [[31mERROR[0m] core: StartListen:error parsing hitBtc ticker: 
2018-04-24/15:18:24.083 [[31mERROR[0m] core: StartListen:error parsing hitBtc ticker: 
2018-04-24/15:18:24.085 [[31mERROR[0m] core: StartListen:error parsing hitBtc ticker: 
2018-04-24/15:18:24.087 [[31mERROR[0m] core: StartListen:error parsing hitBtc ticker: 
2018-04-24/15:18:24.089 [[31mERROR[0m] core: StartListen:error parsing hitBtc ticker: 
2018-04-24/15:18:24.090 [[31mERROR[0m] core: StartListen:error parsing hitBtc ticker: 
2018-04-24/15:18:24.092 [[31mERROR[0m] core: StartListen:error parsing hitBtc ticker: 
2018-04-24/15:18:24.093 [[31mERROR[0m] core: StartListen:error parsing hitBtc ticker: 
2018-04-24/15:18:24.094 [[31mERROR[0m] core: StartListen:error parsing hitBtc ticker: 
2018-04-24/15:18:24.095 [[31mERROR[0m] core: StartListen:error parsing hitBtc ticker: 
2018-04-24/15:18:24.096 [[31mERROR[0m] core: StartListen:error parsing hitBtc ticker: 
2018-04-24/15:18:24.097 [[31mERROR[0m] core: StartListen:error parsing hitBtc ticker: 
2018-04-24/15:18:24.098 [[31mERROR[0m] core: StartListen:error parsing hitBtc ticker: 
2018-04-24/15:18:24.099 [[31mERROR[0m] core: StartListen:error parsing hitBtc ticker: 
2018-04-24/15:18:24.100 [[31mERROR[0m] core: StartListen:error parsing hitBtc ticker: 
2018-04-24/15:39:06.750 [[31mERROR[0m] exchange-rates: GrpcClient:listenTickers:b.connectToServer rpc error: code = Unavailable desc = all SubConns are in TransientFailure, latest connection error: connection error: desc = "transport: Error while dialing dial tcp 127.0.0.1:10000: connect: connection refused" 
2018-04-24/15:39:07.250 [[31mERROR[0m] core: StartListen:HitBtcManager:error parsing hitBtc ticker 
2018-04-24/15:39:07.253 [[31mERROR[0m] core: StartListen:HitBtcManager:error parsing hitBtc ticker 
2018-04-24/15:39:07.254 [[31mERROR[0m] core: StartListen:HitBtcManager:error parsing hitBtc ticker 
2018-04-24/15:39:07.256 [[31mERROR[0m] core: StartListen:HitBtcManager:error parsing hitBtc ticker 
2018-04-24/15:39:07.257 [[31mERROR[0m] core: StartListen:HitBtcManager:error parsing hitBtc ticker 
2018-04-24/15:39:07.258 [[31mERROR[0m] core: StartListen:HitBtcManager:error parsing hitBtc ticker 
2018-04-24/15:39:07.260 [[31mERROR[0m] core: StartListen:HitBtcManager:error parsing hitBtc ticker 
2018-04-24/15:39:07.261 [[31mERROR[0m] core: StartListen:HitBtcManager:error parsing hitBtc ticker 
2018-04-24/15:39:07.262 [[31mERROR[0m] core: StartListen:HitBtcManager:error parsing hitBtc ticker 
2018-04-24/15:39:07.264 [[31mERROR[0m] core: StartListen:HitBtcManager:error parsing hitBtc ticker 
2018-04-24/15:39:07.265 [[31mERROR[0m] core: StartListen:HitBtcManager:error parsing hitBtc ticker 
2018-04-24/15:39:07.267 [[31mERROR[0m] core: StartListen:HitBtcManager:error parsing hitBtc ticker 
2018-04-24/15:39:07.268 [[31mERROR[0m] core: StartListen:HitBtcManager:error parsing hitBtc ticker 
2018-04-24/15:39:07.270 [[31mERROR[0m] core: StartListen:HitBtcManager:error parsing hitBtc ticker 
2018-04-24/15:39:07.271 [[31mERROR[0m] core: StartListen:HitBtcManager:error parsing hitBtc ticker 
2018-04-24/15:39:07.273 [[31mERROR[0m] core: StartListen:HitBtcManager:error parsing hitBtc ticker 
2018-04-24/15:39:07.274 [[31mERROR[0m] core: StartListen:HitBtcManager:error parsing hitBtc ticker 
2018-04-24/15:39:07.276 [[31mERROR[0m] core: StartListen:HitBtcManager:error parsing hitBtc ticker 
2018-04-24/15:39:07.278 [[31mERROR[0m] core: StartListen:HitBtcManager:error parsing hitBtc ticker 
2018-04-24/15:39:07.280 [[31mERROR[0m] core: StartListen:HitBtcManager:error parsing hitBtc ticker 
2018-04-24/15:39:07.281 [[31mERROR[0m] core: StartListen:HitBtcManager:error parsing hitBtc ticker 
2018-04-24/15:39:07.672 [[31mERROR[0m] core: StartListen:error parsing hitBtc ticker: 
2018-04-24/15:39:07.674 [[31mERROR[0m] core: StartListen:error parsing hitBtc ticker: 
2018-04-24/15:39:07.676 [[31mERROR[0m] core: StartListen:error parsing hitBtc ticker: 
2018-04-24/15:39:07.677 [[31mERROR[0m] core: StartListen:error parsing hitBtc ticker: 
2018-04-24/15:39:07.678 [[31mERROR[0m] core: StartListen:error parsing hitBtc ticker: 
2018-04-24/15:39:07.680 [[31mERROR[0m] core: StartListen:error parsing hitBtc ticker: 
2018-04-24/15:39:07.681 [[31mERROR[0m] core: StartListen:error parsing hitBtc ticker: 
2018-04-24/15:39:07.759 [[31mERROR[0m] core: StartListen:error parsing hitBtc ticker: 
2018-04-24/15:39:07.760 [[31mERROR[0m] exchange-rates: GrpcClient:listenTickers:b.connectToServer 
2018-04-24/15:39:07.761 [[31mERROR[0m] core: StartListen:error parsing hitBtc ticker: 
2018-04-24/15:39:07.762 [[31mERROR[0m] core: StartListen:error parsing hitBtc ticker: 
2018-04-24/15:39:07.763 [[31mERROR[0m] core: StartListen:error parsing hitBtc ticker: 
2018-04-24/15:39:07.765 [[31mERROR[0m] core: StartListen:error parsing hitBtc ticker: 
2018-04-24/15:39:07.766 [[31mERROR[0m] core: StartListen:error parsing hitBtc ticker: 
2018-04-24/15:39:07.768 [[31mERROR[0m] core: StartListen:error parsing hitBtc ticker: 
2018-04-24/15:39:07.769 [[31mERROR[0m] core: StartListen:error parsing hitBtc ticker: 
2018-04-24/15:39:07.770 [[31mERROR[0m] core: StartListen:error parsing hitBtc ticker: 
2018-04-24/15:39:07.771 [[31mERROR[0m] core: StartListen:error parsing hitBtc ticker: 
2018-04-24/15:39:07.773 [[31mERROR[0m] core: StartListen:error parsing hitBtc ticker: 
2018-04-24/15:39:07.773 [[31mERROR[0m] core: StartListen:error parsing hitBtc ticker: 
2018-04-24/15:39:07.774 [[31mERROR[0m] core: StartListen:error parsing hitBtc ticker: 
2018-04-24/15:39:07.776 [[31mERROR[0m] core: StartListen:error parsing hitBtc ticker: 
2018-04-24/15:43:13.656 [[31mERROR[0m] exchange-rates: GrpcClient:listenTickers:b.connectToServer rpc error: code = Unavailable desc = all SubConns are in TransientFailure, latest connection error: connection error: desc = "transport: Error while dialing dial tcp 127.0.0.1:10000: connect: connection refused" 
2018-04-24/15:43:14.153 [[31mERROR[0m] core: StartListen:HitBtcManager:error parsing hitBtc ticker 
2018-04-24/15:43:14.155 [[31mERROR[0m] core: StartListen:HitBtcManager:error parsing hitBtc ticker 
2018-04-24/15:43:14.157 [[31mERROR[0m] core: StartListen:HitBtcManager:error parsing hitBtc ticker 
2018-04-24/15:43:14.159 [[31mERROR[0m] core: StartListen:HitBtcManager:error parsing hitBtc ticker 
2018-04-24/15:43:14.160 [[31mERROR[0m] core: StartListen:HitBtcManager:error parsing hitBtc ticker 
2018-04-24/15:43:14.161 [[31mERROR[0m] core: StartListen:HitBtcManager:error parsing hitBtc ticker 
2018-04-24/15:43:14.163 [[31mERROR[0m] core: StartListen:HitBtcManager:error parsing hitBtc ticker 
2018-04-24/15:43:14.164 [[31mERROR[0m] core: StartListen:HitBtcManager:error parsing hitBtc ticker 
2018-04-24/15:43:14.165 [[31mERROR[0m] core: StartListen:HitBtcManager:error parsing hitBtc ticker 
2018-04-24/15:43:14.166 [[31mERROR[0m] core: StartListen:HitBtcManager:error parsing hitBtc ticker 
2018-04-24/15:43:14.168 [[31mERROR[0m] core: StartListen:HitBtcManager:error parsing hitBtc ticker 
2018-04-24/15:43:14.169 [[31mERROR[0m] core: StartListen:HitBtcManager:error parsing hitBtc ticker 
2018-04-24/15:43:14.171 [[31mERROR[0m] core: StartListen:HitBtcManager:error parsing hitBtc ticker 
2018-04-24/15:43:14.172 [[31mERROR[0m] core: StartListen:HitBtcManager:error parsing hitBtc ticker 
2018-04-24/15:43:14.174 [[31mERROR[0m] core: StartListen:HitBtcManager:error parsing hitBtc ticker 
2018-04-24/15:43:14.176 [[31mERROR[0m] core: StartListen:HitBtcManager:error parsing hitBtc ticker 
2018-04-24/15:43:14.177 [[31mERROR[0m] core: StartListen:HitBtcManager:error parsing hitBtc ticker 
2018-04-24/15:43:14.179 [[31mERROR[0m] core: StartListen:HitBtcManager:error parsing hitBtc ticker 
2018-04-24/15:43:14.180 [[31mERROR[0m] core: StartListen:HitBtcManager:error parsing hitBtc ticker 
2018-04-24/15:43:14.181 [[31mERROR[0m] core: StartListen:HitBtcManager:error parsing hitBtc ticker 
2018-04-24/15:43:14.182 [[31mERROR[0m] core: StartListen:HitBtcManager:error parsing hitBtc ticker 
2018-04-24/15:43:14.554 [[31mERROR[0m] core: StartListen:error parsing hitBtc ticker: 
2018-04-24/15:43:14.556 [[31mERROR[0m] core: StartListen:error parsing hitBtc ticker: 
2018-04-24/15:43:14.558 [[31mERROR[0m] core: StartListen:error parsing hitBtc ticker: 
2018-04-24/15:43:14.559 [[31mERROR[0m] core: StartListen:error parsing hitBtc ticker: 
2018-04-24/15:43:14.560 [[31mERROR[0m] core: StartListen:error parsing hitBtc ticker: 
2018-04-24/15:43:14.562 [[31mERROR[0m] core: StartListen:error parsing hitBtc ticker: 
2018-04-24/15:43:14.563 [[31mERROR[0m] core: StartListen:error parsing hitBtc ticker: 
2018-04-24/15:43:14.660 [[31mERROR[0m] exchange-rates: GrpcClient:listenTickers:b.connectToServer 
2018-04-24/15:43:14.667 [[31mERROR[0m] core: StartListen:error parsing hitBtc ticker: 
2018-04-24/15:43:14.668 [[31mERROR[0m] core: StartListen:error parsing hitBtc ticker: 
2018-04-24/15:43:14.670 [[31mERROR[0m] core: StartListen:error parsing hitBtc ticker: 
2018-04-24/15:43:14.671 [[31mERROR[0m] core: StartListen:error parsing hitBtc ticker: 
2018-04-24/15:43:14.675 [[31mERROR[0m] core: StartListen:error parsing hitBtc ticker: 
2018-04-24/15:43:14.677 [[31mERROR[0m] core: StartListen:error parsing hitBtc ticker: 
2018-04-24/15:43:14.679 [[31mERROR[0m] core: StartListen:error parsing hitBtc ticker: 
2018-04-24/15:43:14.680 [[31mERROR[0m] core: StartListen:error parsing hitBtc ticker: 
2018-04-24/15:43:14.681 [[31mERROR[0m] core: StartListen:error parsing hitBtc ticker: 
2018-04-24/15:43:14.683 [[31mERROR[0m] core: StartListen:error parsing hitBtc ticker: 
2018-04-24/15:43:14.684 [[31mERROR[0m] core: StartListen:error parsing hitBtc ticker: 
2018-04-24/15:43:14.686 [[31mERROR[0m] core: StartListen:error parsing hitBtc ticker: 
2018-04-24/15:43:14.687 [[31mERROR[0m] core: StartListen:error parsing hitBtc ticker: 
2018-04-24/15:43:14.688 [[31mERROR[0m] core: StartListen:error parsing hitBtc ticker: 
2018-04-24/15:56:06.513 [[31mERROR[0m] exchange-rates: GrpcClient:listenTickers:b.connectToServer rpc error: code = Unavailable desc = all SubConns are in TransientFailure, latest connection error: connection error: desc = "transport: Error while dialing dial tcp 127.0.0.1:10000: connect: connection refused" 
2018-04-24/15:56:07.000 [[31mERROR[0m] core: StartListen:HitBtcManager:error parsing hitBtc ticker 
2018-04-24/15:56:07.004 [[31mERROR[0m] core: StartListen:HitBtcManager:error parsing hitBtc ticker 
2018-04-24/15:56:07.006 [[31mERROR[0m] core: StartListen:HitBtcManager:error parsing hitBtc ticker 
2018-04-24/15:56:07.009 [[31mERROR[0m] core: StartListen:HitBtcManager:error parsing hitBtc ticker 
2018-04-24/15:56:07.011 [[31mERROR[0m] core: StartListen:HitBtcManager:error parsing hitBtc ticker 
2018-04-24/15:56:07.012 [[31mERROR[0m] core: StartListen:HitBtcManager:error parsing hitBtc ticker 
2018-04-24/15:56:07.014 [[31mERROR[0m] core: StartListen:HitBtcManager:error parsing hitBtc ticker 
2018-04-24/15:56:07.016 [[31mERROR[0m] core: StartListen:HitBtcManager:error parsing hitBtc ticker 
2018-04-24/15:56:07.017 [[31mERROR[0m] core: StartListen:HitBtcManager:error parsing hitBtc ticker 
2018-04-24/15:56:07.019 [[31mERROR[0m] core: StartListen:HitBtcManager:error parsing hitBtc ticker 
2018-04-24/15:56:07.020 [[31mERROR[0m] core: StartListen:HitBtcManager:error parsing hitBtc ticker 
2018-04-24/15:56:07.022 [[31mERROR[0m] core: StartListen:HitBtcManager:error parsing hitBtc ticker 
2018-04-24/15:56:07.023 [[31mERROR[0m] core: StartListen:HitBtcManager:error parsing hitBtc ticker 
2018-04-24/15:56:07.024 [[31mERROR[0m] core: StartListen:HitBtcManager:error parsing hitBtc ticker 
2018-04-24/15:56:07.026 [[31mERROR[0m] core: StartListen:HitBtcManager:error parsing hitBtc ticker 
2018-04-24/15:56:07.028 [[31mERROR[0m] core: StartListen:HitBtcManager:error parsing hitBtc ticker 
2018-04-24/15:56:07.029 [[31mERROR[0m] core: StartListen:HitBtcManager:error parsing hitBtc ticker 
2018-04-24/15:56:07.031 [[31mERROR[0m] core: StartListen:HitBtcManager:error parsing hitBtc ticker 
2018-04-24/15:56:07.032 [[31mERROR[0m] core: StartListen:HitBtcManager:error parsing hitBtc ticker 
2018-04-24/15:56:07.034 [[31mERROR[0m] core: StartListen:HitBtcManager:error parsing hitBtc ticker 
2018-04-24/15:56:07.035 [[31mERROR[0m] core: StartListen:HitBtcManager:error parsing hitBtc ticker 
2018-04-24/15:56:07.517 [[31mERROR[0m] exchange-rates: GrpcClient:listenTickers:b.connectToServer 
2018-04-24/15:56:09.228 [[31mERROR[0m] core: StartListen:error parsing hitBtc ticker: 
2018-04-24/15:56:09.231 [[31mERROR[0m] core: StartListen:error parsing hitBtc ticker: 
2018-04-24/15:56:09.233 [[31mERROR[0m] core: StartListen:error parsing hitBtc ticker: 
2018-04-24/15:56:09.235 [[31mERROR[0m] core: StartListen:error parsing hitBtc ticker: 
2018-04-24/15:56:09.236 [[31mERROR[0m] core: StartListen:error parsing hitBtc ticker: 
2018-04-24/15:56:09.237 [[31mERROR[0m] core: StartListen:error parsing hitBtc ticker: 
2018-04-24/15:56:09.238 [[31mERROR[0m] core: StartListen:error parsing hitBtc ticker: 
2018-04-24/15:56:09.239 [[31mERROR[0m] core: StartListen:error parsing hitBtc ticker: 
2018-04-24/15:56:09.295 [[31mERROR[0m] core: StartListen:error parsing hitBtc ticker: 
2018-04-24/15:56:09.296 [[31mERROR[0m] core: StartListen:error parsing hitBtc ticker: 
2018-04-24/15:56:09.297 [[31mERROR[0m] core: StartListen:error parsing hitBtc ticker: 
2018-04-24/15:56:09.298 [[31mERROR[0m] core: StartListen:error parsing hitBtc ticker: 
2018-04-24/15:56:09.300 [[31mERROR[0m] core: StartListen:error parsing hitBtc ticker: 
2018-04-24/15:56:09.301 [[31mERROR[0m] core: StartListen:error parsing hitBtc ticker: 
2018-04-24/15:56:09.302 [[31mERROR[0m] core: StartListen:error parsing hitBtc ticker: 
2018-04-24/15:56:09.303 [[31mERROR[0m] core: StartListen:error parsing hitBtc ticker: 
2018-04-24/15:56:09.304 [[31mERROR[0m] core: StartListen:error parsing hitBtc ticker: 
2018-04-24/15:56:09.305 [[31mERROR[0m] core: StartListen:error parsing hitBtc ticker: 
2018-04-24/15:56:09.306 [[31mERROR[0m] core: StartListen:error parsing hitBtc ticker: 
2018-04-24/15:56:09.307 [[31mERROR[0m] core: StartListen:error parsing hitBtc ticker: 
2018-04-24/15:56:09.308 [[31mERROR[0m] core: StartListen:error parsing hitBtc ticker: 
2018-04-24/16:03:14.268 [[31mERROR[0m] exchange-rates: GrpcClient:listenTickers:b.connectToServer rpc error: code = Unavailable desc = all SubConns are in TransientFailure, latest connection error: connection error: desc = "transport: Error while dialing dial tcp 127.0.0.1:10000: connect: connection refused" 
2018-04-24/16:03:15.135 [[31mERROR[0m] core: StartListen:HitBtcManager:error parsing hitBtc ticker 
2018-04-24/16:03:15.138 [[31mERROR[0m] core: StartListen:HitBtcManager:error parsing hitBtc ticker 
2018-04-24/16:03:15.139 [[31mERROR[0m] core: StartListen:HitBtcManager:error parsing hitBtc ticker 
2018-04-24/16:03:15.141 [[31mERROR[0m] core: StartListen:HitBtcManager:error parsing hitBtc ticker 
2018-04-24/16:03:15.142 [[31mERROR[0m] core: StartListen:HitBtcManager:error parsing hitBtc ticker 
2018-04-24/16:03:15.143 [[31mERROR[0m] core: StartListen:HitBtcManager:error parsing hitBtc ticker 
2018-04-24/16:03:15.146 [[31mERROR[0m] core: StartListen:HitBtcManager:error parsing hitBtc ticker 
2018-04-24/16:03:15.148 [[31mERROR[0m] core: StartListen:HitBtcManager:error parsing hitBtc ticker 
2018-04-24/16:03:15.150 [[31mERROR[0m] core: StartListen:HitBtcManager:error parsing hitBtc ticker 
2018-04-24/16:03:15.151 [[31mERROR[0m] core: StartListen:HitBtcManager:error parsing hitBtc ticker 
2018-04-24/16:03:15.153 [[31mERROR[0m] core: StartListen:HitBtcManager:error parsing hitBtc ticker 
2018-04-24/16:03:15.154 [[31mERROR[0m] core: StartListen:HitBtcManager:error parsing hitBtc ticker 
2018-04-24/16:03:15.156 [[31mERROR[0m] core: StartListen:HitBtcManager:error parsing hitBtc ticker 
2018-04-24/16:03:15.157 [[31mERROR[0m] core: StartListen:HitBtcManager:error parsing hitBtc ticker 
2018-04-24/16:03:15.159 [[31mERROR[0m] core: StartListen:HitBtcManager:error parsing hitBtc ticker 
2018-04-24/16:03:15.160 [[31mERROR[0m] core: StartListen:HitBtcManager:error parsing hitBtc ticker 
2018-04-24/16:03:15.162 [[31mERROR[0m] core: StartListen:HitBtcManager:error parsing hitBtc ticker 
2018-04-24/16:03:15.164 [[31mERROR[0m] core: StartListen:HitBtcManager:error parsing hitBtc ticker 
2018-04-24/16:03:15.165 [[31mERROR[0m] core: StartListen:HitBtcManager:error parsing hitBtc ticker 
2018-04-24/16:03:15.167 [[31mERROR[0m] core: StartListen:HitBtcManager:error parsing hitBtc ticker 
2018-04-24/16:03:15.168 [[31mERROR[0m] core: StartListen:HitBtcManager:error parsing hitBtc ticker 
2018-04-24/16:03:15.272 [[31mERROR[0m] exchange-rates: GrpcClient:listenTickers:b.connectToServer 
2018-04-24/16:03:15.460 [[31mERROR[0m] core: StartListen:error parsing hitBtc ticker: 
2018-04-24/16:03:15.462 [[31mERROR[0m] core: StartListen:error parsing hitBtc ticker: 
2018-04-24/16:03:15.463 [[31mERROR[0m] core: StartListen:error parsing hitBtc ticker: 
2018-04-24/16:03:15.464 [[31mERROR[0m] core: StartListen:error parsing hitBtc ticker: 
2018-04-24/16:03:15.465 [[31mERROR[0m] core: StartListen:error parsing hitBtc ticker: 
2018-04-24/16:03:15.466 [[31mERROR[0m] core: StartListen:error parsing hitBtc ticker: 
2018-04-24/16:03:15.467 [[31mERROR[0m] core: StartListen:error parsing hitBtc ticker: 
2018-04-24/16:03:15.468 [[31mERROR[0m] core: StartListen:error parsing hitBtc ticker: 
2018-04-24/16:03:15.553 [[31mERROR[0m] core: StartListen:error parsing hitBtc ticker: 
2018-04-24/16:03:15.554 [[31mERROR[0m] core: StartListen:error parsing hitBtc ticker: 
2018-04-24/16:03:15.555 [[31mERROR[0m] core: StartListen:error parsing hitBtc ticker: 
2018-04-24/16:03:15.556 [[31mERROR[0m] core: StartListen:error parsing hitBtc ticker: 
2018-04-24/16:03:15.557 [[31mERROR[0m] core: StartListen:error parsing hitBtc ticker: 
2018-04-24/16:03:15.558 [[31mERROR[0m] core: StartListen:error parsing hitBtc ticker: 
2018-04-24/16:03:15.560 [[31mERROR[0m] core: StartListen:error parsing hitBtc ticker: 
2018-04-24/16:03:15.561 [[31mERROR[0m] core: StartListen:error parsing hitBtc ticker: 
2018-04-24/16:03:15.562 [[31mERROR[0m] core: StartListen:error parsing hitBtc ticker: 
2018-04-24/16:03:15.563 [[31mERROR[0m] core: StartListen:error parsing hitBtc ticker: 
2018-04-24/16:03:15.564 [[31mERROR[0m] core: StartListen:error parsing hitBtc ticker: 
2018-04-24/16:03:15.565 [[31mERROR[0m] core: StartListen:error parsing hitBtc ticker: 
2018-04-24/16:03:15.566 [[31mERROR[0m] core: StartListen:error parsing hitBtc ticker: 
2018-04-24/16:08:16.991 [[31mERROR[0m] api: connectWs:okex read message error: websocket: close 1006 (abnormal closure): unexpected EOF 
