2018-04-19/13:55:47.803 [[32mINFO[0m] api: connecting to wss://ws-feed.gdax.com 
2018-04-19/13:55:47.818 [[32mINFO[0m] api: connecting to wss://api.hitbtc.com/api/2/ws 
2018-04-19/13:55:47.819 [[32mINFO[0m] api: connecting to wss://real.okex.com:10440 
2018-04-19/13:55:48.806 [[32mINFO[0m] api: connecting to wss://stream.binance.com:9443/ws/%21ticker@arr 
2018-04-19/14:51:59.920 [[32mINFO[0m] api: connecting to wss://ws-feed.gdax.com 
2018-04-19/14:51:59.920 [[32mINFO[0m] api: connecting to wss://real.okex.com:10440 
2018-04-19/14:51:59.920 [[32mINFO[0m] api: connecting to wss://api.hitbtc.com/api/2/ws 
2018-04-19/14:52:00.572 [[32mINFO[0m] api: connecting to wss://api2.poloniex.com/realm1 
2018-04-19/14:52:00.924 [[32mINFO[0m] api: connecting to wss://stream.binance.com:9443/ws/%21ticker@arr 
2018-04-20/18:49:44.237 [[32mINFO[0m] api: connecting to wss://ws-feed.gdax.com 
2018-04-20/18:49:44.237 [[32mINFO[0m] api: connecting to wss://real.okex.com:10440 
2018-04-20/18:49:44.237 [[32mINFO[0m] api: connecting to wss://api.hitbtc.com/api/2/ws 
2018-04-20/18:49:45.240 [[32mINFO[0m] api: connecting to wss://stream.binance.com:9443/ws/%21ticker@arr 
2018-04-20/18:49:45.401 [[32mINFO[0m] api: connecting to wss://api2.poloniex.com/realm1 
2018-04-20/18:52:30.107 [[32mINFO[0m] api: connecting to wss://ws-feed.gdax.com 
2018-04-20/18:52:30.108 [[32mINFO[0m] api: connecting to wss://api.hitbtc.com/api/2/ws 
2018-04-20/18:52:30.108 [[32mINFO[0m] api: connecting to wss://real.okex.com:10440 
2018-04-20/18:52:31.006 [[32mINFO[0m] api: connecting to wss://api2.poloniex.com/realm1 
2018-04-20/18:52:31.108 [[32mINFO[0m] api: connecting to wss://stream.binance.com:9443/ws/%21ticker@arr 
2018-04-20/19:05:29.098 [[32mINFO[0m] api: connecting to wss://ws-feed.gdax.com 
2018-04-20/19:05:29.098 [[32mINFO[0m] api: connecting to wss://api.hitbtc.com/api/2/ws 
2018-04-20/19:05:29.098 [[32mINFO[0m] api: connecting to wss://real.okex.com:10440 
2018-04-20/19:05:29.928 [[32mINFO[0m] api: connecting to wss://api2.poloniex.com/realm1 
2018-04-20/19:05:30.099 [[32mINFO[0m] api: connecting to wss://stream.binance.com:9443/ws/%21ticker@arr 
2018-04-20/19:24:15.852 [[32mINFO[0m] api: connecting to wss://api.hitbtc.com/api/2/ws 
2018-04-20/19:24:15.854 [[32mINFO[0m] api: connecting to wss://ws-feed.gdax.com 
2018-04-20/19:24:15.853 [[32mINFO[0m] api: connecting to wss://real.okex.com:10440 
2018-04-20/19:24:29.754 [[32mINFO[0m] api: connecting to wss://api.hitbtc.com/api/2/ws 
2018-04-20/19:24:29.755 [[32mINFO[0m] api: connecting to wss://ws-feed.gdax.com 
2018-04-20/19:26:56.897 [[32mINFO[0m] api: connecting to wss://ws-feed.gdax.com 
2018-04-20/19:26:56.899 [[32mINFO[0m] api: connecting to wss://api.hitbtc.com/api/2/ws 
2018-04-20/19:31:18.163 [[32mINFO[0m] api: connecting to wss://api.hitbtc.com/api/2/ws 
2018-04-20/19:31:18.163 [[32mINFO[0m] api: connecting to wss://ws-feed.gdax.com 
2018-04-20/19:31:18.163 [[32mINFO[0m] api: connecting to wss://real.okex.com:10440 
2018-04-20/19:32:13.971 [[32mINFO[0m] api: connecting to wss://api.hitbtc.com/api/2/ws 
2018-04-20/19:32:13.971 [[32mINFO[0m] api: connecting to wss://real.okex.com:10440 
2018-04-20/19:32:13.972 [[32mINFO[0m] api: connecting to wss://ws-feed.gdax.com 
2018-04-20/19:53:09.037 [[32mINFO[0m] api: connecting to wss://api.hitbtc.com/api/2/ws 
2018-04-20/19:53:09.038 [[32mINFO[0m] api: connecting to wss://ws-feed.gdax.com 
2018-04-20/19:53:09.038 [[32mINFO[0m] api: connecting to wss://real.okex.com:10440 
2018-04-20/19:53:10.039 [[32mINFO[0m] api: connecting to wss://stream.binance.com:9443/ws/%21ticker@arr 
2018-04-20/19:53:10.315 [[32mINFO[0m] api: connecting to wss://api2.poloniex.com/realm1 
2018-04-20/20:04:24.360 [[32mINFO[0m] api: connecting to wss://real.okex.com:10440 
2018-04-20/20:04:24.360 [[32mINFO[0m] api: connecting to wss://api.hitbtc.com/api/2/ws 
2018-04-20/20:04:24.360 [[32mINFO[0m] api: connecting to wss://ws-feed.gdax.com 
2018-04-20/20:04:25.362 [[32mINFO[0m] api: connecting to wss://stream.binance.com:9443/ws/%21ticker@arr 
2018-04-20/20:04:25.529 [[32mINFO[0m] api: connecting to wss://api2.poloniex.com/realm1 
